# JRE version: OpenJDK Runtime Environment Temurin-21.0.12.1+1 (21.0.12.1+1) (build 21.0.12.1+1-LTS)
# Java VM: OpenJDK 64-Bit Server VM Temurin-21.0.12.1+1 (21.0.12.1+1-LTS, mixed mode, sharing, tiered, compressed oops, compressed class ptrs, parallel gc, windows-amd64)
GC Precious Log:
 CardTable entry size: 512
 CPUs: 8 total, 8 available
 Memory: 7998M
 Large Page Support: Disabled
 NUMA Support: Disabled
 Compressed Oops: Enabled (32-bit)
 Alignments: Space 512K, Generation 512K, Heap 2M
 Heap Min Capacity: 100M
 Heap Initial Capacity: 100M
 Heap Max Capacity: 2G
 Pre-touch: Disabled
 Parallel Workers: 8
Heap:
 PSYoungGen      total 8192K, used 4464K [0x00000000d5580000, 0x00000000d6200000, 0x0000000100000000)
  eden space 5120K, 53% used [0x00000000d5580000,0x00000000d582b8f0,0x00000000d5a80000)
  from space 3072K, 56% used [0x00000000d5e00000,0x00000000d5fb0720,0x00000000d6100000)
  to   space 3584K, 0% used [0x00000000d5a80000,0x00000000d5a80000,0x00000000d5e00000)
 ParOldGen       total 1398272K, used 133687K [0x0000000080000000, 0x00000000d5580000, 0x00000000d5580000)
  object space 1398272K, 9% used [0x0000000080000000,0x000000008828df98,0x00000000d5580000)
 Metaspace       used 75291K, committed 76544K, reserved 1179648K
  class space    used 7886K, committed 8448K, reserved 1048576K
GC Heap History (20 events):
Event: 56.687 GC heap after
{Heap after GC invocations=182 (full 5):
 PSYoungGen      total 10752K, used 4594K [0x00000000d5580000, 0x00000000d6a00000, 0x0000000100000000)
  eden space 6144K, 0% used [0x00000000d5580000,0x00000000d5580000,0x00000000d5b80000)
  from space 4608K, 99% used [0x00000000d5b80000,0x00000000d5ffca00,0x00000000d6000000)
  to   space 7168K, 0% used [0x00000000d6300000,0x00000000d6300000,0x00000000d6a00000)
 ParOldGen       total 1398272K, used 122500K [0x0000000080000000, 0x00000000d5580000, 0x00000000d5580000)
  object space 1398272K, 8% used [0x0000000080000000,0x00000000877a1018,0x00000000d5580000)
 Metaspace       used 75181K, committed 76416K, reserved 1179648K
  class space    used 7886K, committed 8448K, reserved 1048576K
}
Event: 56.714 GC heap before
{Heap before GC invocations=183 (full 5):
 PSYoungGen      total 10752K, used 10738K [0x00000000d5580000, 0x00000000d6a00000, 0x0000000100000000)
  eden space 6144K, 100% used [0x00000000d5580000,0x00000000d5b80000,0x00000000d5b80000)
  from space 4608K, 99% used [0x00000000d5b80000,0x00000000d5ffca00,0x00000000d6000000)
  to   space 7168K, 0% used [0x00000000d6300000,0x00000000d6300000,0x00000000d6a00000)
 ParOldGen       total 1398272K, used 122500K [0x0000000080000000, 0x00000000d5580000, 0x00000000d5580000)
  object space 1398272K, 8% used [0x0000000080000000,0x00000000877a1018,0x00000000d5580000)
 Metaspace       used 75181K, committed 76416K, reserved 1179648K
  class space    used 7886K, committed 8448K, reserved 1048576K
}
Event: 56.722 GC heap after
{Heap after GC invocations=183 (full 5):
 PSYoungGen      total 9728K, used 3040K [0x00000000d5580000, 0x00000000d6600000, 0x0000000100000000)
  eden space 6656K, 0% used [0x00000000d5580000,0x00000000d5580000,0x00000000d5c00000)
  from space 3072K, 98% used [0x00000000d6300000,0x00000000d65f8010,0x00000000d6600000)
  to   space 4608K, 0% used [0x00000000d5d00000,0x00000000d5d00000,0x00000000d6180000)
 ParOldGen       total 1398272K, used 123178K [0x0000000080000000, 0x00000000d5580000, 0x00000000d5580000)
  object space 1398272K, 8% used [0x0000000080000000,0x000000008784aaa8,0x00000000d5580000)
 Metaspace       used 75181K, committed 76416K, reserved 1179648K
  class space    used 7886K, committed 8448K, reserved 1048576K
}
Event: 56.861 GC heap before
{Heap before GC invocations=184 (full 5):
 PSYoungGen      total 9728K, used 9696K [0x00000000d5580000, 0x00000000d6600000, 0x0000000100000000)
  eden space 6656K, 100% used [0x00000000d5580000,0x00000000d5c00000,0x00000000d5c00000)
  from space 3072K, 98% used [0x00000000d6300000,0x00000000d65f8010,0x00000000d6600000)
  to   space 4608K, 0% used [0x00000000d5d00000,0x00000000d5d00000,0x00000000d6180000)
 ParOldGen       total 1398272K, used 123178K [0x0000000080000000, 0x00000000d5580000, 0x00000000d5580000)
  object space 1398272K, 8% used [0x0000000080000000,0x000000008784aaa8,0x00000000d5580000)
 Metaspace       used 75201K, committed 76480K, reserved 1179648K
  class space    used 7886K, committed 8448K, reserved 1048576K
}
Event: 56.867 GC heap after
{Heap after GC invocations=184 (full 5):
 PSYoungGen      total 10752K, used 3456K [0x00000000d5580000, 0x00000000d6380000, 0x0000000100000000)
  eden space 7168K, 0% used [0x00000000d5580000,0x00000000d5580000,0x00000000d5c80000)
  from space 3584K, 96% used [0x00000000d5d00000,0x00000000d60602a0,0x00000000d6080000)
  to   space 3072K, 0% used [0x00000000d6080000,0x00000000d6080000,0x00000000d6380000)
 ParOldGen       total 1398272K, used 123186K [0x0000000080000000, 0x00000000d5580000, 0x00000000d5580000)
  object space 1398272K, 8% used [0x0000000080000000,0x000000008784caa8,0x00000000d5580000)
 Metaspace       used 75201K, committed 76480K, reserved 1179648K
  class space    used 7886K, committed 8448K, reserved 1048576K
}
Event: 57.013 GC heap before
{Heap before GC invocations=185 (full 5):
 PSYoungGen      total 10752K, used 10624K [0x00000000d5580000, 0x00000000d6380000, 0x0000000100000000)
  eden space 7168K, 100% used [0x00000000d5580000,0x00000000d5c80000,0x00000000d5c80000)
  from space 3584K, 96% used [0x00000000d5d00000,0x00000000d60602a0,0x00000000d6080000)
  to   space 3072K, 0% used [0x00000000d6080000,0x00000000d6080000,0x00000000d6380000)
 ParOldGen       total 1398272K, used 123186K [0x0000000080000000, 0x00000000d5580000, 0x00000000d5580000)
  object space 1398272K, 8% used [0x0000000080000000,0x000000008784caa8,0x00000000d5580000)
 Metaspace       used 75219K, committed 76480K, reserved 1179648K
  class space    used 7886K, committed 8448K, reserved 1048576K
}
Event: 57.017 GC heap after
{Heap after GC invocations=185 (full 5):
 PSYoungGen      total 10240K, used 3040K [0x00000000d5580000, 0x00000000d6500000, 0x0000000100000000)
  eden space 7168K, 0% used [0x00000000d5580000,0x00000000d5580000,0x00000000d5c80000)
  from space 3072K, 98% used [0x00000000d6080000,0x00000000d63782a0,0x00000000d6380000)
  to   space 4096K, 0% used [0x00000000d5c80000,0x00000000d5c80000,0x00000000d6080000)
 ParOldGen       total 1398272K, used 124025K [0x0000000080000000, 0x00000000d5580000, 0x00000000d5580000)
  object space 1398272K, 8% used [0x0000000080000000,0x000000008791e558,0x00000000d5580000)
 Metaspace       used 75219K, committed 76480K, reserved 1179648K
  class space    used 7886K, committed 8448K, reserved 1048576K
}
Event: 57.278 GC heap before
{Heap before GC invocations=186 (full 5):
 PSYoungGen      total 10240K, used 10208K [0x00000000d5580000, 0x00000000d6500000, 0x0000000100000000)
  eden space 7168K, 100% used [0x00000000d5580000,0x00000000d5c80000,0x00000000d5c80000)
  from space 3072K, 98% used [0x00000000d6080000,0x00000000d63782a0,0x00000000d6380000)
  to   space 4096K, 0% used [0x00000000d5c80000,0x00000000d5c80000,0x00000000d6080000)
 ParOldGen       total 1398272K, used 124025K [0x0000000080000000, 0x00000000d5580000, 0x00000000d5580000)
  object space 1398272K, 8% used [0x0000000080000000,0x000000008791e558,0x00000000d5580000)
 Metaspace       used 75250K, committed 76480K, reserved 1179648K
  class space    used 7886K, committed 8448K, reserved 1048576K
}
Event: 57.286 GC heap after
{Heap after GC invocations=186 (full 5):
 PSYoungGen      total 9728K, used 2523K [0x00000000d5580000, 0x00000000d6300000, 0x0000000100000000)
  eden space 7168K, 0% used [0x00000000d5580000,0x00000000d5580000,0x00000000d5c80000)
  from space 2560K, 98% used [0x00000000d5c80000,0x00000000d5ef6e68,0x00000000d5f00000)
  to   space 3072K, 0% used [0x00000000d6000000,0x00000000d6000000,0x00000000d6300000)
 ParOldGen       total 1398272K, used 125538K [0x0000000080000000, 0x00000000d5580000, 0x00000000d5580000)
  object space 1398272K, 8% used [0x0000000080000000,0x0000000087a988c8,0x00000000d5580000)
 Metaspace       used 75250K, committed 76480K, reserved 1179648K
  class space    used 7886K, committed 8448K, reserved 1048576K
}
Event: 57.381 GC heap before
{Heap before GC invocations=187 (full 5):
 PSYoungGen      total 9728K, used 9691K [0x00000000d5580000, 0x00000000d6300000, 0x0000000100000000)
  eden space 7168K, 100% used [0x00000000d5580000,0x00000000d5c80000,0x00000000d5c80000)
  from space 2560K, 98% used [0x00000000d5c80000,0x00000000d5ef6e68,0x00000000d5f00000)
  to   space 3072K, 0% used [0x00000000d6000000,0x00000000d6000000,0x00000000d6300000)
 ParOldGen       total 1398272K, used 125538K [0x0000000080000000, 0x00000000d5580000, 0x00000000d5580000)
  object space 1398272K, 8% used [0x0000000080000000,0x0000000087a988c8,0x00000000d5580000)
 Metaspace       used 75254K, committed 76480K, reserved 1179648K
  class space    used 7886K, committed 8448K, reserved 1048576K
}
Event: 57.391 GC heap after
{Heap after GC invocations=187 (full 5):
 PSYoungGen      total 7680K, used 3069K [0x00000000d5580000, 0x00000000d6900000, 0x0000000100000000)
  eden space 4608K, 0% used [0x00000000d5580000,0x00000000d5580000,0x00000000d5a00000)
  from space 3072K, 99% used [0x00000000d6000000,0x00000000d62ff5a8,0x00000000d6300000)
  to   space 6144K, 0% used [0x00000000d5a00000,0x00000000d5a00000,0x00000000d6000000)
 ParOldGen       total 1398272K, used 127871K [0x0000000080000000, 0x00000000d5580000, 0x00000000d5580000)
  object space 1398272K, 9% used [0x0000000080000000,0x0000000087cdfee0,0x00000000d5580000)
 Metaspace       used 75254K, committed 76480K, reserved 1179648K
  class space    used 7886K, committed 8448K, reserved 1048576K
}
Event: 57.417 GC heap before
{Heap before GC invocations=188 (full 5):
 PSYoungGen      total 7680K, used 7677K [0x00000000d5580000, 0x00000000d6900000, 0x0000000100000000)
  eden space 4608K, 100% used [0x00000000d5580000,0x00000000d5a00000,0x00000000d5a00000)
  from space 3072K, 99% used [0x00000000d6000000,0x00000000d62ff5a8,0x00000000d6300000)
  to   space 6144K, 0% used [0x00000000d5a00000,0x00000000d5a00000,0x00000000d6000000)
 ParOldGen       total 1398272K, used 127871K [0x0000000080000000, 0x00000000d5580000, 0x00000000d5580000)
  object space 1398272K, 9% used [0x0000000080000000,0x0000000087cdfee0,0x00000000d5580000)
 Metaspace       used 75254K, committed 76480K, reserved 1179648K
  class space    used 7886K, committed 8448K, reserved 1048576K
}
Event: 57.426 GC heap after
{Heap after GC invocations=188 (full 5):
 PSYoungGen      total 7168K, used 2379K [0x00000000d5580000, 0x00000000d6180000, 0x0000000100000000)
  eden space 4608K, 0% used [0x00000000d5580000,0x00000000d5580000,0x00000000d5a00000)
  from space 2560K, 92% used [0x00000000d5a00000,0x00000000d5c52e58,0x00000000d5c80000)
  to   space 3584K, 0% used [0x00000000d5e00000,0x00000000d5e00000,0x00000000d6180000)
 ParOldGen       total 1398272K, used 128327K [0x0000000080000000, 0x00000000d5580000, 0x00000000d5580000)
  object space 1398272K, 9% used [0x0000000080000000,0x0000000087d51ee0,0x00000000d5580000)
 Metaspace       used 75254K, committed 76480K, reserved 1179648K
  class space    used 7886K, committed 8448K, reserved 1048576K
}
Event: 57.457 GC heap before
{Heap before GC invocations=189 (full 5):
 PSYoungGen      total 7168K, used 6987K [0x00000000d5580000, 0x00000000d6180000, 0x0000000100000000)
  eden space 4608K, 100% used [0x00000000d5580000,0x00000000d5a00000,0x00000000d5a00000)
  from space 2560K, 92% used [0x00000000d5a00000,0x00000000d5c52e58,0x00000000d5c80000)
  to   space 3584K, 0% used [0x00000000d5e00000,0x00000000d5e00000,0x00000000d6180000)
 ParOldGen       total 1398272K, used 128327K [0x0000000080000000, 0x00000000d5580000, 0x00000000d5580000)
  object space 1398272K, 9% used [0x0000000080000000,0x0000000087d51ee0,0x00000000d5580000)
 Metaspace       used 75254K, committed 76480K, reserved 1179648K
  class space    used 7886K, committed 8448K, reserved 1048576K
}
Event: 57.463 GC heap after
{Heap after GC invocations=189 (full 5):
 PSYoungGen      total 7680K, used 2555K [0x00000000d5580000, 0x00000000d6080000, 0x0000000100000000)
  eden space 5120K, 0% used [0x00000000d5580000,0x00000000d5580000,0x00000000d5a80000)
  from space 2560K, 99% used [0x00000000d5e00000,0x00000000d607ee48,0x00000000d6080000)
  to   space 3072K, 0% used [0x00000000d5a80000,0x00000000d5a80000,0x00000000d5d80000)
 ParOldGen       total 1398272K, used 128327K [0x0000000080000000, 0x00000000d5580000, 0x00000000d5580000)
  object space 1398272K, 9% used [0x0000000080000000,0x0000000087d51ee0,0x00000000d5580000)
 Metaspace       used 75254K, committed 76480K, reserved 1179648K
  class space    used 7886K, committed 8448K, reserved 1048576K
}
Event: 57.515 GC heap before
{Heap before GC invocations=190 (full 5):
 PSYoungGen      total 7680K, used 7675K [0x00000000d5580000, 0x00000000d6080000, 0x0000000100000000)
  eden space 5120K, 100% used [0x00000000d5580000,0x00000000d5a80000,0x00000000d5a80000)
  from space 2560K, 99% used [0x00000000d5e00000,0x00000000d607ee48,0x00000000d6080000)
  to   space 3072K, 0% used [0x00000000d5a80000,0x00000000d5a80000,0x00000000d5d80000)
 ParOldGen       total 1398272K, used 128327K [0x0000000080000000, 0x00000000d5580000, 0x00000000d5580000)
  object space 1398272K, 9% used [0x0000000080000000,0x0000000087d51ee0,0x00000000d5580000)
 Metaspace       used 75272K, committed 76544K, reserved 1179648K
  class space    used 7886K, committed 8448K, reserved 1048576K
}
Event: 57.520 GC heap after
{Heap after GC invocations=190 (full 5):
 PSYoungGen      total 8192K, used 2939K [0x00000000d5580000, 0x00000000d6100000, 0x0000000100000000)
  eden space 5120K, 0% used [0x00000000d5580000,0x00000000d5580000,0x00000000d5a80000)
  from space 3072K, 95% used [0x00000000d5a80000,0x00000000d5d5ee48,0x00000000d5d80000)
  to   space 3072K, 0% used [0x00000000d5e00000,0x00000000d5e00000,0x00000000d6100000)
 ParOldGen       total 1398272K, used 128327K [0x0000000080000000, 0x00000000d5580000, 0x00000000d5580000)
  object space 1398272K, 9% used [0x0000000080000000,0x0000000087d51ee0,0x00000000d5580000)
 Metaspace       used 75272K, committed 76544K, reserved 1179648K
  class space    used 7886K, committed 8448K, reserved 1048576K
}
Event: 57.699 GC heap before
{Heap before GC invocations=191 (full 5):
 PSYoungGen      total 8192K, used 8059K [0x00000000d5580000, 0x00000000d6100000, 0x0000000100000000)
  eden space 5120K, 100% used [0x00000000d5580000,0x00000000d5a80000,0x00000000d5a80000)
  from space 3072K, 95% used [0x00000000d5a80000,0x00000000d5d5ee48,0x00000000d5d80000)
  to   space 3072K, 0% used [0x00000000d5e00000,0x00000000d5e00000,0x00000000d6100000)
 ParOldGen       total 1398272K, used 128327K [0x0000000080000000, 0x00000000d5580000, 0x00000000d5580000)
  object space 1398272K, 9% used [0x0000000080000000,0x0000000087d51ee0,0x00000000d5580000)
 Metaspace       used 75290K, committed 76544K, reserved 1179648K
  class space    used 7886K, committed 8448K, reserved 1048576K
}
Event: 57.706 GC heap after
{Heap after GC invocations=191 (full 5):
 PSYoungGen      total 8192K, used 3041K [0x00000000d5580000, 0x00000000d6100000, 0x0000000100000000)
  eden space 5120K, 0% used [0x00000000d5580000,0x00000000d5580000,0x00000000d5a80000)
  from space 3072K, 99% used [0x00000000d5e00000,0x00000000d60f8770,0x00000000d6100000)
  to   space 3072K, 0% used [0x00000000d5a80000,0x00000000d5a80000,0x00000000d5d80000)
 ParOldGen       total 1398272K, used 129819K [0x0000000080000000, 0x00000000d5580000, 0x00000000d5580000)
  object space 1398272K, 9% used [0x0000000080000000,0x0000000087ec6d38,0x00000000d5580000)
 Metaspace       used 75290K, committed 76544K, reserved 1179648K
  class space    used 7886K, committed 8448K, reserved 1048576K
}
Event: 57.754 GC heap before
{Heap before GC invocations=192 (full 5):
 PSYoungGen      total 8192K, used 8161K [0x00000000d5580000, 0x00000000d6100000, 0x0000000100000000)
  eden space 5120K, 100% used [0x00000000d5580000,0x00000000d5a80000,0x00000000d5a80000)
  from space 3072K, 99% used [0x00000000d5e00000,0x00000000d60f8770,0x00000000d6100000)
  to   space 3072K, 0% used [0x00000000d5a80000,0x00000000d5a80000,0x00000000d5d80000)
 ParOldGen       total 1398272K, used 129819K [0x0000000080000000, 0x00000000d5580000, 0x00000000d5580000)
  object space 1398272K, 9% used [0x0000000080000000,0x0000000087ec6d38,0x00000000d5580000)
 Metaspace       used 75291K, committed 76544K, reserved 1179648K
  class space    used 7886K, committed 8448K, reserved 1048576K
}

