# JRE version: OpenJDK Runtime Environment Temurin-21.0.12.1+1 (21.0.12.1+1) (build 21.0.12.1+1-LTS)
# Java VM: OpenJDK 64-Bit Server VM Temurin-21.0.12.1+1 (21.0.12.1+1-LTS, mixed mode, sharing, tiered, compressed oops, compressed class ptrs, parallel gc, windows-amd64)
GC Precious Log:
 CardTable entry size: 512
 CPUs: 8 total, 8 available
 Memory: 7998M
 Large Page Support: Disabled
 NUMA Support: Disabled
 Compressed Oops: Enabled (32-bit)
 Alignments: Space 512K, Generation 512K, Heap 2M
 Heap Min Capacity: 100M
 Heap Initial Capacity: 100M
 Heap Max Capacity: 2G
 Pre-touch: Disabled
 Parallel Workers: 8
Heap:
 PSYoungGen      total 4608K, used 1689K [0x00000000d5580000, 0x00000000d5a80000, 0x0000000100000000)
  eden space 4096K, 33% used [0x00000000d5580000,0x00000000d56d71f0,0x00000000d5980000)
  from space 512K, 61% used [0x00000000d5a00000,0x00000000d5a4f418,0x00000000d5a80000)
  to   space 512K, 0% used [0x00000000d5980000,0x00000000d5980000,0x00000000d5a00000)
 ParOldGen       total 1168384K, used 1168071K [0x0000000080000000, 0x00000000c7500000, 0x00000000d5580000)
  object space 1168384K, 99% used [0x0000000080000000,0x00000000c74b1f58,0x00000000c7500000)
 Metaspace       used 203585K, committed 206336K, reserved 1245184K
  class space    used 23044K, committed 24448K, reserved 1048576K
GC Heap History (20 events):
Event: 13979.641 GC heap before
{Heap before GC invocations=8920 (full 14):
 PSYoungGen      total 2560K, used 2336K [0x00000000d5580000, 0x00000000d5900000, 0x0000000100000000)
  eden space 2048K, 100% used [0x00000000d5580000,0x00000000d5780000,0x00000000d5780000)
  from space 512K, 56% used [0x00000000d5880000,0x00000000d58c8000,0x00000000d5900000)
  to   space 512K, 0% used [0x00000000d5800000,0x00000000d5800000,0x00000000d5880000)
 ParOldGen       total 1166848K, used 1166326K [0x0000000080000000, 0x00000000c7380000, 0x00000000d5580000)
  object space 1166848K, 99% used [0x0000000080000000,0x00000000c72fd918,0x00000000c7380000)
 Metaspace       used 203585K, committed 206336K, reserved 1245184K
  class space    used 23044K, committed 24448K, reserved 1048576K
}
Event: 13979.646 GC heap after
{Heap after GC invocations=8920 (full 14):
 PSYoungGen      total 3072K, used 339K [0x00000000d5580000, 0x00000000d5900000, 0x0000000100000000)
  eden space 2560K, 0% used [0x00000000d5580000,0x00000000d5580000,0x00000000d5800000)
  from space 512K, 66% used [0x00000000d5800000,0x00000000d5854eb0,0x00000000d5880000)
  to   space 512K, 0% used [0x00000000d5880000,0x00000000d5880000,0x00000000d5900000)
 ParOldGen       total 1166848K, used 1166410K [0x0000000080000000, 0x00000000c7380000, 0x00000000d5580000)
  object space 1166848K, 99% used [0x0000000080000000,0x00000000c7312ab8,0x00000000c7380000)
 Metaspace       used 203585K, committed 206336K, reserved 1245184K
  class space    used 23044K, committed 24448K, reserved 1048576K
}
Event: 13979.667 GC heap before
{Heap before GC invocations=8921 (full 14):
 PSYoungGen      total 3072K, used 2899K [0x00000000d5580000, 0x00000000d5900000, 0x0000000100000000)
  eden space 2560K, 100% used [0x00000000d5580000,0x00000000d5800000,0x00000000d5800000)
  from space 512K, 66% used [0x00000000d5800000,0x00000000d5854eb0,0x00000000d5880000)
  to   space 512K, 0% used [0x00000000d5880000,0x00000000d5880000,0x00000000d5900000)
 ParOldGen       total 1166848K, used 1166410K [0x0000000080000000, 0x00000000c7380000, 0x00000000d5580000)
  object space 1166848K, 99% used [0x0000000080000000,0x00000000c7312ab8,0x00000000c7380000)
 Metaspace       used 203585K, committed 206336K, reserved 1245184K
  class space    used 23044K, committed 24448K, reserved 1048576K
}
Event: 13979.672 GC heap after
{Heap after GC invocations=8921 (full 14):
 PSYoungGen      total 2560K, used 503K [0x00000000d5580000, 0x00000000d5a80000, 0x0000000100000000)
  eden space 2048K, 0% used [0x00000000d5580000,0x00000000d5580000,0x00000000d5780000)
  from space 512K, 98% used [0x00000000d5880000,0x00000000d58fdf80,0x00000000d5900000)
  to   space 1024K, 0% used [0x00000000d5780000,0x00000000d5780000,0x00000000d5880000)
 ParOldGen       total 1166848K, used 1166622K [0x0000000080000000, 0x00000000c7380000, 0x00000000d5580000)
  object space 1166848K, 99% used [0x0000000080000000,0x00000000c7347968,0x00000000c7380000)
 Metaspace       used 203585K, committed 206336K, reserved 1245184K
  class space    used 23044K, committed 24448K, reserved 1048576K
}
Event: 13979.681 GC heap before
{Heap before GC invocations=8922 (full 14):
 PSYoungGen      total 2560K, used 2551K [0x00000000d5580000, 0x00000000d5a80000, 0x0000000100000000)
  eden space 2048K, 100% used [0x00000000d5580000,0x00000000d5780000,0x00000000d5780000)
  from space 512K, 98% used [0x00000000d5880000,0x00000000d58fdf80,0x00000000d5900000)
  to   space 1024K, 0% used [0x00000000d5780000,0x00000000d5780000,0x00000000d5880000)
 ParOldGen       total 1166848K, used 1166622K [0x0000000080000000, 0x00000000c7380000, 0x00000000d5580000)
  object space 1166848K, 99% used [0x0000000080000000,0x00000000c7347968,0x00000000c7380000)
 Metaspace       used 203585K, committed 206336K, reserved 1245184K
  class space    used 23044K, committed 24448K, reserved 1048576K
}
Event: 13979.686 GC heap after
{Heap after GC invocations=8922 (full 14):
 PSYoungGen      total 3072K, used 371K [0x00000000d5580000, 0x00000000d5900000, 0x0000000100000000)
  eden space 2048K, 0% used [0x00000000d5580000,0x00000000d5580000,0x00000000d5780000)
  from space 1024K, 36% used [0x00000000d5780000,0x00000000d57dcd18,0x00000000d5880000)
  to   space 512K, 0% used [0x00000000d5880000,0x00000000d5880000,0x00000000d5900000)
 ParOldGen       total 1167360K, used 1166976K [0x0000000080000000, 0x00000000c7400000, 0x00000000d5580000)
  object space 1167360K, 99% used [0x0000000080000000,0x00000000c73a02c8,0x00000000c7400000)
 Metaspace       used 203585K, committed 206336K, reserved 1245184K
  class space    used 23044K, committed 24448K, reserved 1048576K
}
Event: 13979.693 GC heap before
{Heap before GC invocations=8923 (full 14):
 PSYoungGen      total 3072K, used 2419K [0x00000000d5580000, 0x00000000d5900000, 0x0000000100000000)
  eden space 2048K, 100% used [0x00000000d5580000,0x00000000d5780000,0x00000000d5780000)
  from space 1024K, 36% used [0x00000000d5780000,0x00000000d57dcd18,0x00000000d5880000)
  to   space 512K, 0% used [0x00000000d5880000,0x00000000d5880000,0x00000000d5900000)
 ParOldGen       total 1167360K, used 1166976K [0x0000000080000000, 0x00000000c7400000, 0x00000000d5580000)
  object space 1167360K, 99% used [0x0000000080000000,0x00000000c73a02c8,0x00000000c7400000)
 Metaspace       used 203585K, committed 206336K, reserved 1245184K
  class space    used 23044K, committed 24448K, reserved 1048576K
}
Event: 13979.698 GC heap after
{Heap after GC invocations=8923 (full 14):
 PSYoungGen      total 3072K, used 399K [0x00000000d5580000, 0x00000000d5900000, 0x0000000100000000)
  eden space 2560K, 0% used [0x00000000d5580000,0x00000000d5580000,0x00000000d5800000)
  from space 512K, 78% used [0x00000000d5880000,0x00000000d58e3e38,0x00000000d5900000)
  to   space 512K, 0% used [0x00000000d5800000,0x00000000d5800000,0x00000000d5880000)
 ParOldGen       total 1167360K, used 1167178K [0x0000000080000000, 0x00000000c7400000, 0x00000000d5580000)
  object space 1167360K, 99% used [0x0000000080000000,0x00000000c73d2ab0,0x00000000c7400000)
 Metaspace       used 203585K, committed 206336K, reserved 1245184K
  class space    used 23044K, committed 24448K, reserved 1048576K
}
Event: 13979.705 GC heap before
{Heap before GC invocations=8924 (full 14):
 PSYoungGen      total 3072K, used 2959K [0x00000000d5580000, 0x00000000d5900000, 0x0000000100000000)
  eden space 2560K, 100% used [0x00000000d5580000,0x00000000d5800000,0x00000000d5800000)
  from space 512K, 78% used [0x00000000d5880000,0x00000000d58e3e38,0x00000000d5900000)
  to   space 512K, 0% used [0x00000000d5800000,0x00000000d5800000,0x00000000d5880000)
 ParOldGen       total 1167360K, used 1167178K [0x0000000080000000, 0x00000000c7400000, 0x00000000d5580000)
  object space 1167360K, 99% used [0x0000000080000000,0x00000000c73d2ab0,0x00000000c7400000)
 Metaspace       used 203585K, committed 206336K, reserved 1245184K
  class space    used 23044K, committed 24448K, reserved 1048576K
}
Event: 13979.710 GC heap after
{Heap after GC invocations=8924 (full 14):
 PSYoungGen      total 3072K, used 256K [0x00000000d5580000, 0x00000000d5980000, 0x0000000100000000)
  eden space 2560K, 0% used [0x00000000d5580000,0x00000000d5580000,0x00000000d5800000)
  from space 512K, 50% used [0x00000000d5800000,0x00000000d5840000,0x00000000d5880000)
  to   space 512K, 0% used [0x00000000d5900000,0x00000000d5900000,0x00000000d5980000)
 ParOldGen       total 1167872K, used 1167421K [0x0000000080000000, 0x00000000c7480000, 0x00000000d5580000)
  object space 1167872K, 99% used [0x0000000080000000,0x00000000c740f798,0x00000000c7480000)
 Metaspace       used 203585K, committed 206336K, reserved 1245184K
  class space    used 23044K, committed 24448K, reserved 1048576K
}
Event: 13979.852 GC heap before
{Heap before GC invocations=8925 (full 14):
 PSYoungGen      total 3072K, used 2816K [0x00000000d5580000, 0x00000000d5980000, 0x0000000100000000)
  eden space 2560K, 100% used [0x00000000d5580000,0x00000000d5800000,0x00000000d5800000)
  from space 512K, 50% used [0x00000000d5800000,0x00000000d5840000,0x00000000d5880000)
  to   space 512K, 0% used [0x00000000d5900000,0x00000000d5900000,0x00000000d5980000)
 ParOldGen       total 1167872K, used 1167421K [0x0000000080000000, 0x00000000c7480000, 0x00000000d5580000)
  object space 1167872K, 99% used [0x0000000080000000,0x00000000c740f798,0x00000000c7480000)
 Metaspace       used 203585K, committed 206336K, reserved 1245184K
  class space    used 23044K, committed 24448K, reserved 1048576K
}
Event: 13979.861 GC heap after
{Heap after GC invocations=8925 (full 14):
 PSYoungGen      total 3584K, used 288K [0x00000000d5580000, 0x00000000d5980000, 0x0000000100000000)
  eden space 3072K, 0% used [0x00000000d5580000,0x00000000d5580000,0x00000000d5880000)
  from space 512K, 56% used [0x00000000d5900000,0x00000000d5948000,0x00000000d5980000)
  to   space 512K, 0% used [0x00000000d5880000,0x00000000d5880000,0x00000000d5900000)
 ParOldGen       total 1167872K, used 1167469K [0x0000000080000000, 0x00000000c7480000, 0x00000000d5580000)
  object space 1167872K, 99% used [0x0000000080000000,0x00000000c741b798,0x00000000c7480000)
 Metaspace       used 203585K, committed 206336K, reserved 1245184K
  class space    used 23044K, committed 24448K, reserved 1048576K
}
Event: 13979.877 GC heap before
{Heap before GC invocations=8926 (full 14):
 PSYoungGen      total 3584K, used 3360K [0x00000000d5580000, 0x00000000d5980000, 0x0000000100000000)
  eden space 3072K, 100% used [0x00000000d5580000,0x00000000d5880000,0x00000000d5880000)
  from space 512K, 56% used [0x00000000d5900000,0x00000000d5948000,0x00000000d5980000)
  to   space 512K, 0% used [0x00000000d5880000,0x00000000d5880000,0x00000000d5900000)
 ParOldGen       total 1167872K, used 1167469K [0x0000000080000000, 0x00000000c7480000, 0x00000000d5580000)
  object space 1167872K, 99% used [0x0000000080000000,0x00000000c741b798,0x00000000c7480000)
 Metaspace       used 203585K, committed 206336K, reserved 1245184K
  class space    used 23044K, committed 24448K, reserved 1048576K
}
Event: 13979.920 GC heap after
{Heap after GC invocations=8926 (full 14):
 PSYoungGen      total 3584K, used 320K [0x00000000d5580000, 0x00000000d5a80000, 0x0000000100000000)
  eden space 3072K, 0% used [0x00000000d5580000,0x00000000d5580000,0x00000000d5880000)
  from space 512K, 62% used [0x00000000d5880000,0x00000000d58d0000,0x00000000d5900000)
  to   space 512K, 0% used [0x00000000d5a00000,0x00000000d5a00000,0x00000000d5a80000)
 ParOldGen       total 1167872K, used 1167613K [0x0000000080000000, 0x00000000c7480000, 0x00000000d5580000)
  object space 1167872K, 99% used [0x0000000080000000,0x00000000c743f410,0x00000000c7480000)
 Metaspace       used 203585K, committed 206336K, reserved 1245184K
  class space    used 23044K, committed 24448K, reserved 1048576K
}
Event: 13979.930 GC heap before
{Heap before GC invocations=8927 (full 14):
 PSYoungGen      total 3584K, used 3392K [0x00000000d5580000, 0x00000000d5a80000, 0x0000000100000000)
  eden space 3072K, 100% used [0x00000000d5580000,0x00000000d5880000,0x00000000d5880000)
  from space 512K, 62% used [0x00000000d5880000,0x00000000d58d0000,0x00000000d5900000)
  to   space 512K, 0% used [0x00000000d5a00000,0x00000000d5a00000,0x00000000d5a80000)
 ParOldGen       total 1167872K, used 1167613K [0x0000000080000000, 0x00000000c7480000, 0x00000000d5580000)
  object space 1167872K, 99% used [0x0000000080000000,0x00000000c743f410,0x00000000c7480000)
 Metaspace       used 203585K, committed 206336K, reserved 1245184K
  class space    used 23044K, committed 24448K, reserved 1048576K
}
Event: 13979.953 GC heap after
{Heap after GC invocations=8927 (full 14):
 PSYoungGen      total 4608K, used 288K [0x00000000d5580000, 0x00000000d5a80000, 0x0000000100000000)
  eden space 4096K, 0% used [0x00000000d5580000,0x00000000d5580000,0x00000000d5980000)
  from space 512K, 56% used [0x00000000d5a00000,0x00000000d5a48000,0x00000000d5a80000)
  to   space 512K, 0% used [0x00000000d5980000,0x00000000d5980000,0x00000000d5a00000)
 ParOldGen       total 1167872K, used 1167797K [0x0000000080000000, 0x00000000c7480000, 0x00000000d5580000)
  object space 1167872K, 99% used [0x0000000080000000,0x00000000c746d580,0x00000000c7480000)
 Metaspace       used 203585K, committed 206336K, reserved 1245184K
  class space    used 23044K, committed 24448K, reserved 1048576K
}
Event: 13980.128 GC heap before
{Heap before GC invocations=8928 (full 14):
 PSYoungGen      total 4608K, used 4384K [0x00000000d5580000, 0x00000000d5a80000, 0x0000000100000000)
  eden space 4096K, 100% used [0x00000000d5580000,0x00000000d5980000,0x00000000d5980000)
  from space 512K, 56% used [0x00000000d5a00000,0x00000000d5a48000,0x00000000d5a80000)
  to   space 512K, 0% used [0x00000000d5980000,0x00000000d5980000,0x00000000d5a00000)
 ParOldGen       total 1167872K, used 1167797K [0x0000000080000000, 0x00000000c7480000, 0x00000000d5580000)
  object space 1167872K, 99% used [0x0000000080000000,0x00000000c746d580,0x00000000c7480000)
 Metaspace       used 203585K, committed 206336K, reserved 1245184K
  class space    used 23044K, committed 24448K, reserved 1048576K
}
Event: 13980.141 GC heap after
{Heap after GC invocations=8928 (full 14):
 PSYoungGen      total 4608K, used 320K [0x00000000d5580000, 0x00000000d5a80000, 0x0000000100000000)
  eden space 4096K, 0% used [0x00000000d5580000,0x00000000d5580000,0x00000000d5980000)
  from space 512K, 62% used [0x00000000d5980000,0x00000000d59d0000,0x00000000d5a00000)
  to   space 512K, 0% used [0x00000000d5a00000,0x00000000d5a00000,0x00000000d5a80000)
 ParOldGen       total 1168384K, used 1167906K [0x0000000080000000, 0x00000000c7500000, 0x00000000d5580000)
  object space 1168384K, 99% used [0x0000000080000000,0x00000000c7488a88,0x00000000c7500000)
 Metaspace       used 203585K, committed 206336K, reserved 1245184K
  class space    used 23044K, committed 24448K, reserved 1048576K
}
Event: 13980.158 GC heap before
{Heap before GC invocations=8929 (full 14):
 PSYoungGen      total 4608K, used 4416K [0x00000000d5580000, 0x00000000d5a80000, 0x0000000100000000)
  eden space 4096K, 100% used [0x00000000d5580000,0x00000000d5980000,0x00000000d5980000)
  from space 512K, 62% used [0x00000000d5980000,0x00000000d59d0000,0x00000000d5a00000)
  to   space 512K, 0% used [0x00000000d5a00000,0x00000000d5a00000,0x00000000d5a80000)
 ParOldGen       total 1168384K, used 1167906K [0x0000000080000000, 0x00000000c7500000, 0x00000000d5580000)
  object space 1168384K, 99% used [0x0000000080000000,0x00000000c7488a88,0x00000000c7500000)
 Metaspace       used 203585K, committed 206336K, reserved 1245184K
  class space    used 23044K, committed 24448K, reserved 1048576K
}
Event: 13980.164 GC heap after
{Heap after GC invocations=8929 (full 14):
 PSYoungGen      total 4608K, used 317K [0x00000000d5580000, 0x00000000d5a80000, 0x0000000100000000)
  eden space 4096K, 0% used [0x00000000d5580000,0x00000000d5580000,0x00000000d5980000)
  from space 512K, 61% used [0x00000000d5a00000,0x00000000d5a4f418,0x00000000d5a80000)
  to   space 512K, 0% used [0x00000000d5980000,0x00000000d5980000,0x00000000d5a00000)
 ParOldGen       total 1168384K, used 1168071K [0x0000000080000000, 0x00000000c7500000, 0x00000000d5580000)
  object space 1168384K, 99% used [0x0000000080000000,0x00000000c74b1f58,0x00000000c7500000)
 Metaspace       used 203585K, committed 206336K, reserved 1245184K
  class space    used 23044K, committed 24448K, reserved 1048576K
}

