# JRE version: OpenJDK Runtime Environment Temurin-21.0.12.1+1 (21.0.12.1+1) (build 21.0.12.1+1-LTS)
# Java VM: OpenJDK 64-Bit Server VM Temurin-21.0.12.1+1 (21.0.12.1+1-LTS, mixed mode, sharing, tiered, compressed oops, compressed class ptrs, parallel gc, windows-amd64)
GC Precious Log:
 CardTable entry size: 512
 CPUs: 8 total, 8 available
 Memory: 7998M
 Large Page Support: Disabled
 NUMA Support: Disabled
 Compressed Oops: Enabled (32-bit)
 Alignments: Space 512K, Generation 512K, Heap 2M
 Heap Min Capacity: 100M
 Heap Initial Capacity: 100M
 Heap Max Capacity: 2G
 Pre-touch: Disabled
 Parallel Workers: 8
Heap:
 PSYoungGen      total 5120K, used 1590K [0x00000000d5580000, 0x00000000d5c00000, 0x0000000100000000)
  eden space 4608K, 23% used [0x00000000d5580000,0x00000000d5694298,0x00000000d5a00000)
  from space 512K, 94% used [0x00000000d5b80000,0x00000000d5bf9940,0x00000000d5c00000)
  to   space 1024K, 0% used [0x00000000d5a00000,0x00000000d5a00000,0x00000000d5b00000)
 ParOldGen       total 292864K, used 292754K [0x0000000080000000, 0x0000000091e00000, 0x00000000d5580000)
  object space 292864K, 99% used [0x0000000080000000,0x0000000091de4940,0x0000000091e00000)
 Metaspace       used 67586K, committed 69184K, reserved 1114112K
  class space    used 6999K, committed 7680K, reserved 1048576K
GC Heap History (20 events):
Event: 806.401 GC heap before
{Heap before GC invocations=364 (full 3):
 PSYoungGen      total 7168K, used 6817K [0x00000000d5580000, 0x00000000d5f00000, 0x0000000100000000)
  eden space 4608K, 95% used [0x00000000d5580000,0x00000000d59cfe48,0x00000000d5a00000)
  from space 2560K, 93% used [0x00000000d5c80000,0x00000000d5ed8770,0x00000000d5f00000)
  to   space 2560K, 0% used [0x00000000d5a00000,0x00000000d5a00000,0x00000000d5c80000)
 ParOldGen       total 286720K, used 286647K [0x0000000080000000, 0x0000000091800000, 0x00000000d5580000)
  object space 286720K, 99% used [0x0000000080000000,0x00000000917edeb0,0x0000000091800000)
 Metaspace       used 67542K, committed 69120K, reserved 1114112K
  class space    used 6999K, committed 7680K, reserved 1048576K
}
Event: 806.404 GC heap after
{Heap after GC invocations=364 (full 3):
 PSYoungGen      total 5120K, used 320K [0x00000000d5580000, 0x00000000d5d00000, 0x0000000100000000)
  eden space 4608K, 0% used [0x00000000d5580000,0x00000000d5580000,0x00000000d5a00000)
  from space 512K, 62% used [0x00000000d5a00000,0x00000000d5a50010,0x00000000d5a80000)
  to   space 1536K, 0% used [0x00000000d5b80000,0x00000000d5b80000,0x00000000d5d00000)
 ParOldGen       total 287232K, used 287143K [0x0000000080000000, 0x0000000091880000, 0x00000000d5580000)
  object space 287232K, 99% used [0x0000000080000000,0x0000000091869eb0,0x0000000091880000)
 Metaspace       used 67542K, committed 69120K, reserved 1114112K
  class space    used 6999K, committed 7680K, reserved 1048576K
}
Event: 806.435 GC heap before
{Heap before GC invocations=365 (full 3):
 PSYoungGen      total 5120K, used 4909K [0x00000000d5580000, 0x00000000d5d00000, 0x0000000100000000)
  eden space 4608K, 99% used [0x00000000d5580000,0x00000000d59fb6f0,0x00000000d5a00000)
  from space 512K, 62% used [0x00000000d5a00000,0x00000000d5a50010,0x00000000d5a80000)
  to   space 1536K, 0% used [0x00000000d5b80000,0x00000000d5b80000,0x00000000d5d00000)
 ParOldGen       total 287232K, used 287143K [0x0000000080000000, 0x0000000091880000, 0x00000000d5580000)
  object space 287232K, 99% used [0x0000000080000000,0x0000000091869eb0,0x0000000091880000)
 Metaspace       used 67552K, committed 69120K, reserved 1114112K
  class space    used 6999K, committed 7680K, reserved 1048576K
}
Event: 806.437 GC heap after
{Heap after GC invocations=365 (full 3):
 PSYoungGen      total 5632K, used 590K [0x00000000d5580000, 0x00000000d5c80000, 0x0000000100000000)
  eden space 4608K, 0% used [0x00000000d5580000,0x00000000d5580000,0x00000000d5a00000)
  from space 1024K, 57% used [0x00000000d5b80000,0x00000000d5c13b00,0x00000000d5c80000)
  to   space 1024K, 0% used [0x00000000d5a80000,0x00000000d5a80000,0x00000000d5b80000)
 ParOldGen       total 287232K, used 287191K [0x0000000080000000, 0x0000000091880000, 0x00000000d5580000)
  object space 287232K, 99% used [0x0000000080000000,0x0000000091875eb0,0x0000000091880000)
 Metaspace       used 67552K, committed 69120K, reserved 1114112K
  class space    used 6999K, committed 7680K, reserved 1048576K
}
Event: 806.450 GC heap before
{Heap before GC invocations=366 (full 3):
 PSYoungGen      total 5632K, used 5198K [0x00000000d5580000, 0x00000000d5c80000, 0x0000000100000000)
  eden space 4608K, 100% used [0x00000000d5580000,0x00000000d5a00000,0x00000000d5a00000)
  from space 1024K, 57% used [0x00000000d5b80000,0x00000000d5c13b00,0x00000000d5c80000)
  to   space 1024K, 0% used [0x00000000d5a80000,0x00000000d5a80000,0x00000000d5b80000)
 ParOldGen       total 287232K, used 287191K [0x0000000080000000, 0x0000000091880000, 0x00000000d5580000)
  object space 287232K, 99% used [0x0000000080000000,0x0000000091875eb0,0x0000000091880000)
 Metaspace       used 67552K, committed 69120K, reserved 1114112K
  class space    used 6999K, committed 7680K, reserved 1048576K
}
Event: 806.453 GC heap after
{Heap after GC invocations=366 (full 3):
 PSYoungGen      total 5632K, used 1021K [0x00000000d5580000, 0x00000000d5f00000, 0x0000000100000000)
  eden space 4608K, 0% used [0x00000000d5580000,0x00000000d5580000,0x00000000d5a00000)
  from space 1024K, 99% used [0x00000000d5a80000,0x00000000d5b7f610,0x00000000d5b80000)
  to   space 2560K, 0% used [0x00000000d5c80000,0x00000000d5c80000,0x00000000d5f00000)
 ParOldGen       total 288256K, used 288116K [0x0000000080000000, 0x0000000091980000, 0x00000000d5580000)
  object space 288256K, 99% used [0x0000000080000000,0x000000009195d0b0,0x0000000091980000)
 Metaspace       used 67552K, committed 69120K, reserved 1114112K
  class space    used 6999K, committed 7680K, reserved 1048576K
}
Event: 806.469 GC heap before
{Heap before GC invocations=367 (full 3):
 PSYoungGen      total 5632K, used 5629K [0x00000000d5580000, 0x00000000d5f00000, 0x0000000100000000)
  eden space 4608K, 100% used [0x00000000d5580000,0x00000000d5a00000,0x00000000d5a00000)
  from space 1024K, 99% used [0x00000000d5a80000,0x00000000d5b7f610,0x00000000d5b80000)
  to   space 2560K, 0% used [0x00000000d5c80000,0x00000000d5c80000,0x00000000d5f00000)
 ParOldGen       total 288256K, used 288116K [0x0000000080000000, 0x0000000091980000, 0x00000000d5580000)
  object space 288256K, 99% used [0x0000000080000000,0x000000009195d0b0,0x0000000091980000)
 Metaspace       used 67555K, committed 69120K, reserved 1114112K
  class space    used 6999K, committed 7680K, reserved 1048576K
}
Event: 806.473 GC heap after
{Heap after GC invocations=367 (full 3):
 PSYoungGen      total 6656K, used 1953K [0x00000000d5580000, 0x00000000d5e80000, 0x0000000100000000)
  eden space 4608K, 0% used [0x00000000d5580000,0x00000000d5580000,0x00000000d5a00000)
  from space 2048K, 95% used [0x00000000d5c80000,0x00000000d5e68760,0x00000000d5e80000)
  to   space 2048K, 0% used [0x00000000d5a80000,0x00000000d5a80000,0x00000000d5c80000)
 ParOldGen       total 289280K, used 289169K [0x0000000080000000, 0x0000000091a80000, 0x00000000d5580000)
  object space 289280K, 99% used [0x0000000080000000,0x0000000091a646c0,0x0000000091a80000)
 Metaspace       used 67555K, committed 69120K, reserved 1114112K
  class space    used 6999K, committed 7680K, reserved 1048576K
}
Event: 806.482 GC heap before
{Heap before GC invocations=368 (full 3):
 PSYoungGen      total 6656K, used 6561K [0x00000000d5580000, 0x00000000d5e80000, 0x0000000100000000)
  eden space 4608K, 100% used [0x00000000d5580000,0x00000000d5a00000,0x00000000d5a00000)
  from space 2048K, 95% used [0x00000000d5c80000,0x00000000d5e68760,0x00000000d5e80000)
  to   space 2048K, 0% used [0x00000000d5a80000,0x00000000d5a80000,0x00000000d5c80000)
 ParOldGen       total 289280K, used 289169K [0x0000000080000000, 0x0000000091a80000, 0x00000000d5580000)
  object space 289280K, 99% used [0x0000000080000000,0x0000000091a646c0,0x0000000091a80000)
 Metaspace       used 67555K, committed 69120K, reserved 1114112K
  class space    used 6999K, committed 7680K, reserved 1048576K
}
Event: 806.484 GC heap after
{Heap after GC invocations=368 (full 3):
 PSYoungGen      total 5120K, used 128K [0x00000000d5580000, 0x00000000d5d00000, 0x0000000100000000)
  eden space 4608K, 0% used [0x00000000d5580000,0x00000000d5580000,0x00000000d5a00000)
  from space 512K, 25% used [0x00000000d5a80000,0x00000000d5aa0000,0x00000000d5b00000)
  to   space 1024K, 0% used [0x00000000d5c00000,0x00000000d5c00000,0x00000000d5d00000)
 ParOldGen       total 290304K, used 289953K [0x0000000080000000, 0x0000000091b80000, 0x00000000d5580000)
  object space 290304K, 99% used [0x0000000080000000,0x0000000091b286c0,0x0000000091b80000)
 Metaspace       used 67555K, committed 69120K, reserved 1114112K
  class space    used 6999K, committed 7680K, reserved 1048576K
}
Event: 806.506 GC heap before
{Heap before GC invocations=369 (full 3):
 PSYoungGen      total 5120K, used 4736K [0x00000000d5580000, 0x00000000d5d00000, 0x0000000100000000)
  eden space 4608K, 100% used [0x00000000d5580000,0x00000000d5a00000,0x00000000d5a00000)
  from space 512K, 25% used [0x00000000d5a80000,0x00000000d5aa0000,0x00000000d5b00000)
  to   space 1024K, 0% used [0x00000000d5c00000,0x00000000d5c00000,0x00000000d5d00000)
 ParOldGen       total 290304K, used 289953K [0x0000000080000000, 0x0000000091b80000, 0x00000000d5580000)
  object space 290304K, 99% used [0x0000000080000000,0x0000000091b286c0,0x0000000091b80000)
 Metaspace       used 67558K, committed 69120K, reserved 1114112K
  class space    used 6999K, committed 7680K, reserved 1048576K
}
Event: 806.507 GC heap after
{Heap after GC invocations=369 (full 3):
 PSYoungGen      total 5632K, used 544K [0x00000000d5580000, 0x00000000d5d00000, 0x0000000100000000)
  eden space 4608K, 0% used [0x00000000d5580000,0x00000000d5580000,0x00000000d5a00000)
  from space 1024K, 53% used [0x00000000d5c00000,0x00000000d5c88000,0x00000000d5d00000)
  to   space 1024K, 0% used [0x00000000d5b00000,0x00000000d5b00000,0x00000000d5c00000)
 ParOldGen       total 290304K, used 289969K [0x0000000080000000, 0x0000000091b80000, 0x00000000d5580000)
  object space 290304K, 99% used [0x0000000080000000,0x0000000091b2c6c0,0x0000000091b80000)
 Metaspace       used 67558K, committed 69120K, reserved 1114112K
  class space    used 6999K, committed 7680K, reserved 1048576K
}
Event: 806.527 GC heap before
{Heap before GC invocations=370 (full 3):
 PSYoungGen      total 5632K, used 5152K [0x00000000d5580000, 0x00000000d5d00000, 0x0000000100000000)
  eden space 4608K, 100% used [0x00000000d5580000,0x00000000d5a00000,0x00000000d5a00000)
  from space 1024K, 53% used [0x00000000d5c00000,0x00000000d5c88000,0x00000000d5d00000)
  to   space 1024K, 0% used [0x00000000d5b00000,0x00000000d5b00000,0x00000000d5c00000)
 ParOldGen       total 290304K, used 289969K [0x0000000080000000, 0x0000000091b80000, 0x00000000d5580000)
  object space 290304K, 99% used [0x0000000080000000,0x0000000091b2c6c0,0x0000000091b80000)
 Metaspace       used 67558K, committed 69120K, reserved 1114112K
  class space    used 6999K, committed 7680K, reserved 1048576K
}
Event: 806.530 GC heap after
{Heap after GC invocations=370 (full 3):
 PSYoungGen      total 5632K, used 1010K [0x00000000d5580000, 0x00000000d5e00000, 0x0000000100000000)
  eden space 4608K, 0% used [0x00000000d5580000,0x00000000d5580000,0x00000000d5a00000)
  from space 1024K, 98% used [0x00000000d5b00000,0x00000000d5bfc810,0x00000000d5c00000)
  to   space 2048K, 0% used [0x00000000d5c00000,0x00000000d5c00000,0x00000000d5e00000)
 ParOldGen       total 290816K, used 290640K [0x0000000080000000, 0x0000000091c00000, 0x00000000d5580000)
  object space 290816K, 99% used [0x0000000080000000,0x0000000091bd4130,0x0000000091c00000)
 Metaspace       used 67558K, committed 69120K, reserved 1114112K
  class space    used 6999K, committed 7680K, reserved 1048576K
}
Event: 806.551 GC heap before
{Heap before GC invocations=371 (full 3):
 PSYoungGen      total 5632K, used 5618K [0x00000000d5580000, 0x00000000d5e00000, 0x0000000100000000)
  eden space 4608K, 100% used [0x00000000d5580000,0x00000000d5a00000,0x00000000d5a00000)
  from space 1024K, 98% used [0x00000000d5b00000,0x00000000d5bfc810,0x00000000d5c00000)
  to   space 2048K, 0% used [0x00000000d5c00000,0x00000000d5c00000,0x00000000d5e00000)
 ParOldGen       total 290816K, used 290640K [0x0000000080000000, 0x0000000091c00000, 0x00000000d5580000)
  object space 290816K, 99% used [0x0000000080000000,0x0000000091bd4130,0x0000000091c00000)
 Metaspace       used 67560K, committed 69120K, reserved 1114112K
  class space    used 6999K, committed 7680K, reserved 1048576K
}
Event: 806.554 GC heap after
{Heap after GC invocations=371 (full 3):
 PSYoungGen      total 6656K, used 1665K [0x00000000d5580000, 0x00000000d5e00000, 0x0000000100000000)
  eden space 4608K, 0% used [0x00000000d5580000,0x00000000d5580000,0x00000000d5a00000)
  from space 2048K, 81% used [0x00000000d5c00000,0x00000000d5da0760,0x00000000d5e00000)
  to   space 2048K, 0% used [0x00000000d5a00000,0x00000000d5a00000,0x00000000d5c00000)
 ParOldGen       total 291840K, used 291674K [0x0000000080000000, 0x0000000091d00000, 0x00000000d5580000)
  object space 291840K, 99% used [0x0000000080000000,0x0000000091cd6940,0x0000000091d00000)
 Metaspace       used 67560K, committed 69120K, reserved 1114112K
  class space    used 6999K, committed 7680K, reserved 1048576K
}
Event: 806.571 GC heap before
{Heap before GC invocations=372 (full 3):
 PSYoungGen      total 6656K, used 6273K [0x00000000d5580000, 0x00000000d5e00000, 0x0000000100000000)
  eden space 4608K, 100% used [0x00000000d5580000,0x00000000d5a00000,0x00000000d5a00000)
  from space 2048K, 81% used [0x00000000d5c00000,0x00000000d5da0760,0x00000000d5e00000)
  to   space 2048K, 0% used [0x00000000d5a00000,0x00000000d5a00000,0x00000000d5c00000)
 ParOldGen       total 291840K, used 291674K [0x0000000080000000, 0x0000000091d00000, 0x00000000d5580000)
  object space 291840K, 99% used [0x0000000080000000,0x0000000091cd6940,0x0000000091d00000)
 Metaspace       used 67560K, committed 69120K, reserved 1114112K
  class space    used 6999K, committed 7680K, reserved 1048576K
}
Event: 806.574 GC heap after
{Heap after GC invocations=372 (full 3):
 PSYoungGen      total 5120K, used 128K [0x00000000d5580000, 0x00000000d5c80000, 0x0000000100000000)
  eden space 4608K, 0% used [0x00000000d5580000,0x00000000d5580000,0x00000000d5a00000)
  from space 512K, 25% used [0x00000000d5a00000,0x00000000d5a20000,0x00000000d5a80000)
  to   space 1024K, 0% used [0x00000000d5b80000,0x00000000d5b80000,0x00000000d5c80000)
 ParOldGen       total 292864K, used 292754K [0x0000000080000000, 0x0000000091e00000, 0x00000000d5580000)
  object space 292864K, 99% used [0x0000000080000000,0x0000000091de4940,0x0000000091e00000)
 Metaspace       used 67560K, committed 69120K, reserved 1114112K
  class space    used 6999K, committed 7680K, reserved 1048576K
}
Event: 806.585 GC heap before
{Heap before GC invocations=373 (full 3):
 PSYoungGen      total 5120K, used 4736K [0x00000000d5580000, 0x00000000d5c80000, 0x0000000100000000)
  eden space 4608K, 100% used [0x00000000d5580000,0x00000000d5a00000,0x00000000d5a00000)
  from space 512K, 25% used [0x00000000d5a00000,0x00000000d5a20000,0x00000000d5a80000)
  to   space 1024K, 0% used [0x00000000d5b80000,0x00000000d5b80000,0x00000000d5c80000)
 ParOldGen       total 292864K, used 292754K [0x0000000080000000, 0x0000000091e00000, 0x00000000d5580000)
  object space 292864K, 99% used [0x0000000080000000,0x0000000091de4940,0x0000000091e00000)
 Metaspace       used 67560K, committed 69120K, reserved 1114112K
  class space    used 6999K, committed 7680K, reserved 1048576K
}
Event: 806.587 GC heap after
{Heap after GC invocations=373 (full 3):
 PSYoungGen      total 5120K, used 486K [0x00000000d5580000, 0x00000000d5c00000, 0x0000000100000000)
  eden space 4608K, 0% used [0x00000000d5580000,0x00000000d5580000,0x00000000d5a00000)
  from space 512K, 94% used [0x00000000d5b80000,0x00000000d5bf9940,0x00000000d5c00000)
  to   space 1024K, 0% used [0x00000000d5a00000,0x00000000d5a00000,0x00000000d5b00000)
 ParOldGen       total 292864K, used 292754K [0x0000000080000000, 0x0000000091e00000, 0x00000000d5580000)
  object space 292864K, 99% used [0x0000000080000000,0x0000000091de4940,0x0000000091e00000)
 Metaspace       used 67560K, committed 69120K, reserved 1114112K
  class space    used 6999K, committed 7680K, reserved 1048576K
}

