# JRE version: Java(TM) SE Runtime Environment (21.0.12.1+1) (build 21.0.12.1+1-LTS-4)
# Java VM: Java HotSpot(TM) 64-Bit Server VM (21.0.12.1+1-LTS-4, mixed mode, sharing, tiered, compressed oops, compressed class ptrs, g1 gc, windows-amd64)
GC Precious Log:
 CardTable entry size: 512
 Card Set container configuration: InlinePtr #cards 5 size 8 Array Of Cards #cards 12 size 40 Howl #buckets 4 coarsen threshold 1843 Howl Bitmap #cards 512 size 80 coarsen threshold 460 Card regions per heap region 1 cards per card region 2048
 CPUs: 8 total, 8 available
 Memory: 7998M
 Large Page Support: Disabled
 NUMA Support: Disabled
 Compressed Oops: Enabled (32-bit)
 Heap Region Size: 1M
 Heap Min Capacity: 8M
 Heap Initial Capacity: 126M
 Heap Max Capacity: 2000M
 Pre-touch: Disabled
 Parallel Workers: 8
 Concurrent Workers: 2
 Concurrent Refinement Workers: 8
 Periodic GC: Disabled
Heap:
 garbage-first heap   total 163840K, used 95638K [0x0000000083000000, 0x0000000100000000)
  region size 1024K, 16 young (16384K), 2 survivors (2048K)
 Metaspace       used 53425K, committed 54208K, reserved 1114112K
  class space    used 6219K, committed 6592K, reserved 1048576K
GC Heap History (20 events):
Event: 8.817 GC heap before
{Heap before GC invocations=8 (full 0):
 garbage-first heap   total 106496K, used 99065K [0x0000000083000000, 0x0000000100000000)
  region size 1024K, 75 young (76800K), 7 survivors (7168K)
 Metaspace       used 35385K, committed 35776K, reserved 1114112K
  class space    used 4310K, committed 4480K, reserved 1048576K
}
Event: 8.837 GC heap after
{Heap after GC invocations=9 (full 0):
 garbage-first heap   total 109568K, used 32150K [0x0000000083000000, 0x0000000100000000)
  region size 1024K, 7 young (7168K), 7 survivors (7168K)
 Metaspace       used 35385K, committed 35776K, reserved 1114112K
  class space    used 4310K, committed 4480K, reserved 1048576K
}
Event: 9.119 GC heap before
{Heap before GC invocations=9 (full 0):
 garbage-first heap   total 109568K, used 44438K [0x0000000083000000, 0x0000000100000000)
  region size 1024K, 20 young (20480K), 7 survivors (7168K)
 Metaspace       used 36264K, committed 36608K, reserved 1114112K
  class space    used 4430K, committed 4608K, reserved 1048576K
}
Event: 9.128 GC heap after
{Heap after GC invocations=10 (full 0):
 garbage-first heap   total 132096K, used 31919K [0x0000000083000000, 0x0000000100000000)
  region size 1024K, 3 young (3072K), 3 survivors (3072K)
 Metaspace       used 36264K, committed 36608K, reserved 1114112K
  class space    used 4430K, committed 4608K, reserved 1048576K
}
Event: 9.351 GC heap before
{Heap before GC invocations=10 (full 0):
 garbage-first heap   total 132096K, used 49327K [0x0000000083000000, 0x0000000100000000)
  region size 1024K, 21 young (21504K), 3 survivors (3072K)
 Metaspace       used 36606K, committed 36928K, reserved 1114112K
  class space    used 4461K, committed 4608K, reserved 1048576K
}
Event: 9.359 GC heap after
{Heap after GC invocations=11 (full 0):
 garbage-first heap   total 132096K, used 32390K [0x0000000083000000, 0x0000000100000000)
  region size 1024K, 4 young (4096K), 4 survivors (4096K)
 Metaspace       used 36606K, committed 36928K, reserved 1114112K
  class space    used 4461K, committed 4608K, reserved 1048576K
}
Event: 11.506 GC heap before
{Heap before GC invocations=12 (full 0):
 garbage-first heap   total 119808K, used 107142K [0x0000000083000000, 0x0000000100000000)
  region size 1024K, 77 young (78848K), 4 survivors (4096K)
 Metaspace       used 39427K, committed 39936K, reserved 1114112K
  class space    used 4734K, committed 4992K, reserved 1048576K
}
Event: 11.530 GC heap after
{Heap after GC invocations=13 (full 0):
 garbage-first heap   total 119808K, used 37039K [0x0000000083000000, 0x0000000100000000)
  region size 1024K, 8 young (8192K), 8 survivors (8192K)
 Metaspace       used 39427K, committed 39936K, reserved 1114112K
  class space    used 4734K, committed 4992K, reserved 1048576K
}
Event: 13.385 GC heap before
{Heap before GC invocations=13 (full 0):
 garbage-first heap   total 119808K, used 99503K [0x0000000083000000, 0x0000000100000000)
  region size 1024K, 70 young (71680K), 8 survivors (8192K)
 Metaspace       used 41199K, committed 41792K, reserved 1114112K
  class space    used 4900K, committed 5184K, reserved 1048576K
}
Event: 13.407 GC heap after
{Heap after GC invocations=14 (full 0):
 garbage-first heap   total 119808K, used 35871K [0x0000000083000000, 0x0000000100000000)
  region size 1024K, 5 young (5120K), 5 survivors (5120K)
 Metaspace       used 41199K, committed 41792K, reserved 1114112K
  class space    used 4900K, committed 5184K, reserved 1048576K
}
Event: 16.034 GC heap before
{Heap before GC invocations=14 (full 0):
 garbage-first heap   total 119808K, used 110623K [0x0000000083000000, 0x0000000100000000)
  region size 1024K, 70 young (71680K), 5 survivors (5120K)
 Metaspace       used 49140K, committed 49792K, reserved 1114112K
  class space    used 5788K, committed 6080K, reserved 1048576K
}
Event: 16.070 GC heap after
{Heap after GC invocations=15 (full 0):
 garbage-first heap   total 130048K, used 54678K [0x0000000083000000, 0x0000000100000000)
  region size 1024K, 9 young (9216K), 9 survivors (9216K)
 Metaspace       used 49140K, committed 49792K, reserved 1114112K
  class space    used 5788K, committed 6080K, reserved 1048576K
}
Event: 17.628 GC heap before
{Heap before GC invocations=15 (full 0):
 garbage-first heap   total 130048K, used 112022K [0x0000000083000000, 0x0000000100000000)
  region size 1024K, 63 young (64512K), 9 survivors (9216K)
 Metaspace       used 49784K, committed 50432K, reserved 1114112K
  class space    used 5862K, committed 6144K, reserved 1048576K
}
Event: 17.660 GC heap after
{Heap after GC invocations=16 (full 0):
 garbage-first heap   total 163840K, used 71155K [0x0000000083000000, 0x0000000100000000)
  region size 1024K, 8 young (8192K), 8 survivors (8192K)
 Metaspace       used 49784K, committed 50432K, reserved 1114112K
  class space    used 5862K, committed 6144K, reserved 1048576K
}
Event: 19.730 GC heap before
{Heap before GC invocations=16 (full 0):
 garbage-first heap   total 163840K, used 134643K [0x0000000083000000, 0x0000000100000000)
  region size 1024K, 69 young (70656K), 8 survivors (8192K)
 Metaspace       used 50841K, committed 51456K, reserved 1114112K
  class space    used 5921K, committed 6208K, reserved 1048576K
}
Event: 19.761 GC heap after
{Heap after GC invocations=17 (full 0):
 garbage-first heap   total 163840K, used 80278K [0x0000000083000000, 0x0000000100000000)
  region size 1024K, 7 young (7168K), 7 survivors (7168K)
 Metaspace       used 50841K, committed 51456K, reserved 1114112K
  class space    used 5921K, committed 6208K, reserved 1048576K
}
Event: 21.558 GC heap before
{Heap before GC invocations=17 (full 0):
 garbage-first heap   total 163840K, used 136598K [0x0000000083000000, 0x0000000100000000)
  region size 1024K, 63 young (64512K), 7 survivors (7168K)
 Metaspace       used 52219K, committed 52928K, reserved 1114112K
  class space    used 6073K, committed 6400K, reserved 1048576K
}
Event: 21.576 GC heap after
{Heap after GC invocations=18 (full 0):
 garbage-first heap   total 163840K, used 81780K [0x0000000083000000, 0x0000000100000000)
  region size 1024K, 2 young (2048K), 2 survivors (2048K)
 Metaspace       used 52219K, committed 52928K, reserved 1114112K
  class space    used 6073K, committed 6400K, reserved 1048576K
}
Event: 23.519 GC heap before
{Heap before GC invocations=18 (full 0):
 garbage-first heap   total 163840K, used 141172K [0x0000000083000000, 0x0000000100000000)
  region size 1024K, 60 young (61440K), 2 survivors (2048K)
 Metaspace       used 53378K, committed 54144K, reserved 1114112K
  class space    used 6214K, committed 6592K, reserved 1048576K
}
Event: 23.527 GC heap after
{Heap after GC invocations=19 (full 0):
 garbage-first heap   total 163840K, used 82326K [0x0000000083000000, 0x0000000100000000)
  region size 1024K, 2 young (2048K), 2 survivors (2048K)
 Metaspace       used 53378K, committed 54144K, reserved 1114112K
  class space    used 6214K, committed 6592K, reserved 1048576K
}

